<?xml version="1.0" encoding="UTF-8"?>
<!-- Generated by org.testng.reporters.JUnitReportReporter -->
<testsuite hostname="DESKTOP-JJP7LCD" failures="0" tests="3" name="endtoend.array" time="0.021" errors="0" timestamp="2024-06-18T16:04:49 IST" skipped="0">
  <testcase classname="endtoend.array" name="reversearray" time="0.005"/>
  <testcase classname="endtoend.array" name="countnumber" time="0.003"/>
  <testcase classname="endtoend.array" name="addition" time="0.013"/>
</testsuite> <!-- endtoend.array -->
