<?xml version="1.0" encoding="UTF-8"?>
<!-- Generated by org.testng.reporters.JUnitReportReporter -->
<testsuite hostname="DESKTOP-JJP7LCD" failures="0" tests="2" name="endtoend.multiple_tabs_handling" time="56.142" errors="0" timestamp="2024-07-20T22:47:49 IST" skipped="1">
  <testcase classname="endtoend.multiple_tabs_handling" name="HandleTabs" time="56.142"/>
  <testcase classname="endtoend.multiple_tabs_handling" name="handleTabs_by_iteerator">
    <skipped/>
  </testcase> <!-- handleTabs_by_iteerator -->
</testsuite> <!-- endtoend.multiple_tabs_handling -->
