<?xml version="1.0" encoding="UTF-8"?>
<!-- Generated by org.testng.reporters.JUnitReportReporter -->
<testsuite hostname="DESKTOP-JJP7LCD" failures="0" tests="4" name="endtoend.Scanner_class" time="0.029" errors="0" timestamp="2024-07-24T18:33:08 IST" skipped="2">
  <testcase classname="endtoend.Scanner_class" name="sort" time="0.006"/>
  <testcase classname="endtoend.Scanner_class" name="display_array" time="0.023"/>
  <testcase classname="endtoend.Scanner_class" name="accept_No">
    <skipped/>
  </testcase> <!-- accept_No -->
  <testcase classname="endtoend.Scanner_class" name="reverse">
    <skipped/>
  </testcase> <!-- reverse -->
</testsuite> <!-- endtoend.Scanner_class -->
