<?xml version="1.0" encoding="UTF-8"?>
<!-- Generated by org.testng.reporters.JUnitReportReporter -->
<testsuite hostname="DESKTOP-JJP7LCD" failures="0" tests="3" name="endtoend.Parameter" time="0.017" errors="0" timestamp="2024-10-24T12:21:02 IST" skipped="0">
  <testcase classname="endtoend.Parameter" name="add" time="0.013"/>
  <testcase classname="endtoend.Parameter" name="sub" time="0.002"/>
  <testcase classname="endtoend.Parameter" name="multi" time="0.002"/>
</testsuite> <!-- endtoend.Parameter -->
